<?xml version="1.0" encoding="UTF-8"?>
<!-- Generated by org.testng.reporters.JUnitReportReporter -->
<testsuite hostname="HpT-PC" failures="0" tests="1" name="com.test.DemoA" time="45.711" errors="1" timestamp="29 Nov 2018 01:13:29 GMT" skipped="0">
  <testcase classname="com.test.DemoA" name="run" time="45.711">
    <error message="Failed to connect to binary FirefoxBinary(C:\Program Files\Mozilla Firefox\firefox.exe) on port 7055; process output follows: 
InstallState changed: false, state: {}
Unable to read VR Path Registry from C:\Users\KimKaka\AppData\Local\openvr\openvrpaths.vrpath
[Child 10980] WARNING: pipe error: 109: file z:/build/build/src/ipc/chromium/src/chrome/common/ipc_channel_win.cc, line 346
1543453965565	addons.productaddons	INFO	sending request to: https://aus5.mozilla.org/update/3/GMP/56.0/20170926190823/WINNT_x86_64-msvc-x64/en-US/release/Windows_NT%206.1.1.0%20(x64)/default/default/update.xml
1543453966376	addons.productaddons	INFO	Completed downloading document
1543453966669	addons.productaddons	INFO	downloadXHR File download. status=200
1543453966678	addons.productaddons	INFO	Downloaded file will be saved to C:\Users\KimKaka\AppData\Local\Temp\tmpaddon-125197
1543453967738	addons.xpi	DEBUG	Calling bootstrap method shutdown on webcompat@mozilla.org version 1.1
1543453967739	addons.xpi	DEBUG	Calling bootstrap method shutdown on shield-recipe-client@mozilla.org version 65
1543453967739	addons.xpi	DEBUG	Calling bootstrap method shutdown on screenshots@mozilla.org version 10.12.0
1543453967744	addons.xpi	DEBUG	Calling bootstrap method shutdown on onboarding@mozilla.org version 0.1
1543453967744	addons.xpi	DEBUG	Calling bootstrap method shutdown on formautofill@mozilla.org version 1.0
1543453967744	addons.xpi	DEBUG	Calling bootstrap method shutdown on followonsearch@mozilla.com version 0.9.3
1543453967744	addons.xpi	DEBUG	Calling bootstrap method shutdown on firefox@getpocket.com version 1.0.5
1543453967745	addons.xpi	DEBUG	Calling bootstrap method shutdown on e10srollout@mozilla.org version 3.00
1543453967745	addons.xpi	DEBUG	Calling bootstrap method shutdown on clicktoplay-rollout@mozilla.org version 1.4
1543453967745	addons.xpi	DEBUG	Calling bootstrap method shutdown on aushelper@mozilla.org version 2.0
1543453967745	addons.xpi	DEBUG	Calling bootstrap method shutdown on activity-stream@mozilla.org version 0.0.0
1543453967774	addons.productaddons	INFO	downloadXHR File download. status=200
[Parent 8084] WARNING: pipe error: 109: file z:/build/build/src/ipc/chromium/src/chrome/common/ipc_channel_win.cc, line 346
Unable to read VR Path Registry from C:\Users\KimKaka\AppData\Local\openvr\openvrpaths.vrpath
[Child 11008] WARNING: pipe error: 109: file z:/build/build/src/ipc/chromium/src/chrome/common/ipc_channel_win.cc, line 346
[Child 11008] WARNING: pipe error: 109: file z:/build/build/src/ipc/chromium/src/chrome/common/ipc_channel_win.cc, line 346
1543453967787	addons.productaddons	INFO	Downloaded file will be saved to C:\Users\KimKaka\AppData\Local\Temp\tmpaddon-8d5daf
Unable to read VR Path Registry from C:\Users\KimKaka\AppData\Local\openvr\openvrpaths.vrpath
[Child 6524] WARNING: pipe error: 109: file z:/build/build/src/ipc/chromium/src/chrome/common/ipc_channel_win.cc, line 346
1543453967880	addons.manager	DEBUG	shutdown
1543453967880	addons.manager	DEBUG	Calling shutdown blocker for XPIProvider
1543453967880	addons.xpi	DEBUG	shutdown
1543453967880	addons.xpi-utils	DEBUG	shutdown
1543453967880	addons.manager	DEBUG	Calling shutdown blocker for LightweightThemeManager
1543453967880	addons.manager	DEBUG	Calling shutdown blocker for GMPProvider
1543453967881	addons.manager	DEBUG	Calling shutdown blocker for PluginProvider
1543453967881	addons.manager	DEBUG	Calling shutdown blocker for PreviousExperimentProvider
1543453967881	addons.manager	DEBUG	Calling shutdown blocker for &lt;unnamed-provider&gt;
1543453967881	DeferredSave.webext.sc.lz4	DEBUG	Flush called while data is dirty
1543453967884	DeferredSave.webext.sc.lz4	DEBUG	Starting write
1543453967885	addons.manager	DEBUG	Async provider shutdown done
1543453967903	DeferredSave.webext.sc.lz4	DEBUG	Write succeeded
*** UTM:SVC TimerManager:registerTimer called after profile-before-change notification. Ignoring timer registration for id: telemetry_modules_ping
Unable to read VR Path Registry from C:\Users\KimKaka\AppData\Local\openvr\openvrpaths.vrpath
[GPU 12080] WARNING: pipe error: 109: file z:/build/build/src/ipc/chromium/src/chrome/common/ipc_channel_win.cc, line 346

Build info: version: &#039;2.53.0&#039;, revision: &#039;35ae25b&#039;, time: &#039;2016-03-15 16:57:40&#039;
System info: host: &#039;HpT-PC&#039;, ip: &#039;192.168.0.143&#039;, os.name: &#039;Windows 7&#039;, os.arch: &#039;amd64&#039;, os.version: &#039;6.1&#039;, java.version: &#039;9.0.4&#039;
Driver info: driver.version: FirefoxDriver" type="org.openqa.selenium.WebDriverException">
      <![CDATA[org.openqa.selenium.WebDriverException: Failed to connect to binary FirefoxBinary(C:\Program Files\Mozilla Firefox\firefox.exe) on port 7055; process output follows: 
InstallState changed: false, state: {}
Unable to read VR Path Registry from C:\Users\KimKaka\AppData\Local\openvr\openvrpaths.vrpath
[Child 10980] WARNING: pipe error: 109: file z:/build/build/src/ipc/chromium/src/chrome/common/ipc_channel_win.cc, line 346
1543453965565addons.productaddonsINFOsending request to: https://aus5.mozilla.org/update/3/GMP/56.0/20170926190823/WINNT_x86_64-msvc-x64/en-US/release/Windows_NT%206.1.1.0%20(x64)/default/default/update.xml
1543453966376addons.productaddonsINFOCompleted downloading document
1543453966669addons.productaddonsINFOdownloadXHR File download. status=200
1543453966678addons.productaddonsINFODownloaded file will be saved to C:\Users\KimKaka\AppData\Local\Temp\tmpaddon-125197
1543453967738addons.xpiDEBUGCalling bootstrap method shutdown on webcompat@mozilla.org version 1.1
1543453967739addons.xpiDEBUGCalling bootstrap method shutdown on shield-recipe-client@mozilla.org version 65
1543453967739addons.xpiDEBUGCalling bootstrap method shutdown on screenshots@mozilla.org version 10.12.0
1543453967744addons.xpiDEBUGCalling bootstrap method shutdown on onboarding@mozilla.org version 0.1
1543453967744addons.xpiDEBUGCalling bootstrap method shutdown on formautofill@mozilla.org version 1.0
1543453967744addons.xpiDEBUGCalling bootstrap method shutdown on followonsearch@mozilla.com version 0.9.3
1543453967744addons.xpiDEBUGCalling bootstrap method shutdown on firefox@getpocket.com version 1.0.5
1543453967745addons.xpiDEBUGCalling bootstrap method shutdown on e10srollout@mozilla.org version 3.00
1543453967745addons.xpiDEBUGCalling bootstrap method shutdown on clicktoplay-rollout@mozilla.org version 1.4
1543453967745addons.xpiDEBUGCalling bootstrap method shutdown on aushelper@mozilla.org version 2.0
1543453967745addons.xpiDEBUGCalling bootstrap method shutdown on activity-stream@mozilla.org version 0.0.0
1543453967774addons.productaddonsINFOdownloadXHR File download. status=200
[Parent 8084] WARNING: pipe error: 109: file z:/build/build/src/ipc/chromium/src/chrome/common/ipc_channel_win.cc, line 346
Unable to read VR Path Registry from C:\Users\KimKaka\AppData\Local\openvr\openvrpaths.vrpath
[Child 11008] WARNING: pipe error: 109: file z:/build/build/src/ipc/chromium/src/chrome/common/ipc_channel_win.cc, line 346
[Child 11008] WARNING: pipe error: 109: file z:/build/build/src/ipc/chromium/src/chrome/common/ipc_channel_win.cc, line 346
1543453967787addons.productaddonsINFODownloaded file will be saved to C:\Users\KimKaka\AppData\Local\Temp\tmpaddon-8d5daf
Unable to read VR Path Registry from C:\Users\KimKaka\AppData\Local\openvr\openvrpaths.vrpath
[Child 6524] WARNING: pipe error: 109: file z:/build/build/src/ipc/chromium/src/chrome/common/ipc_channel_win.cc, line 346
1543453967880addons.managerDEBUGshutdown
1543453967880addons.managerDEBUGCalling shutdown blocker for XPIProvider
1543453967880addons.xpiDEBUGshutdown
1543453967880addons.xpi-utilsDEBUGshutdown
1543453967880addons.managerDEBUGCalling shutdown blocker for LightweightThemeManager
1543453967880addons.managerDEBUGCalling shutdown blocker for GMPProvider
1543453967881addons.managerDEBUGCalling shutdown blocker for PluginProvider
1543453967881addons.managerDEBUGCalling shutdown blocker for PreviousExperimentProvider
1543453967881addons.managerDEBUGCalling shutdown blocker for <unnamed-provider>
1543453967881DeferredSave.webext.sc.lz4DEBUGFlush called while data is dirty
1543453967884DeferredSave.webext.sc.lz4DEBUGStarting write
1543453967885addons.managerDEBUGAsync provider shutdown done
1543453967903DeferredSave.webext.sc.lz4DEBUGWrite succeeded
*** UTM:SVC TimerManager:registerTimer called after profile-before-change notification. Ignoring timer registration for id: telemetry_modules_ping
Unable to read VR Path Registry from C:\Users\KimKaka\AppData\Local\openvr\openvrpaths.vrpath
[GPU 12080] WARNING: pipe error: 109: file z:/build/build/src/ipc/chromium/src/chrome/common/ipc_channel_win.cc, line 346

Build info: version: '2.53.0', revision: '35ae25b', time: '2016-03-15 16:57:40'
System info: host: 'HpT-PC', ip: '192.168.0.143', os.name: 'Windows 7', os.arch: 'amd64', os.version: '6.1', java.version: '9.0.4'
Driver info: driver.version: FirefoxDriver
at org.openqa.selenium.firefox.internal.NewProfileExtensionConnection.start(NewProfileExtensionConnection.java:124)
at org.openqa.selenium.firefox.FirefoxDriver.startClient(FirefoxDriver.java:271)
at org.openqa.selenium.remote.RemoteWebDriver.<init>(RemoteWebDriver.java:119)
at org.openqa.selenium.firefox.FirefoxDriver.<init>(FirefoxDriver.java:218)
at org.openqa.selenium.firefox.FirefoxDriver.<init>(FirefoxDriver.java:211)
at org.openqa.selenium.firefox.FirefoxDriver.<init>(FirefoxDriver.java:207)
at org.openqa.selenium.firefox.FirefoxDriver.<init>(FirefoxDriver.java:120)
at com.test.DemoA.run(DemoA.java:11)
at java.base/jdk.internal.reflect.NativeMethodAccessorImpl.invoke0(Native Method)
at java.base/jdk.internal.reflect.NativeMethodAccessorImpl.invoke(Unknown Source)
at java.base/jdk.internal.reflect.DelegatingMethodAccessorImpl.invoke(Unknown Source)
at java.base/java.lang.reflect.Method.invoke(Unknown Source)
at org.testng.internal.MethodInvocationHelper.invokeMethod(MethodInvocationHelper.java:124)
at org.testng.internal.Invoker.invokeMethod(Invoker.java:580)
at org.testng.internal.Invoker.invokeTestMethod(Invoker.java:716)
at org.testng.internal.Invoker.invokeTestMethods(Invoker.java:988)
at org.testng.internal.TestMethodWorker.invokeTestMethods(TestMethodWorker.java:125)
at org.testng.internal.TestMethodWorker.run(TestMethodWorker.java:109)
at org.testng.TestRunner.privateRun(TestRunner.java:648)
at org.testng.TestRunner.run(TestRunner.java:505)
at org.testng.SuiteRunner.runTest(SuiteRunner.java:455)
at org.testng.SuiteRunner.runSequentially(SuiteRunner.java:450)
at org.testng.SuiteRunner.privateRun(SuiteRunner.java:415)
at org.testng.SuiteRunner.run(SuiteRunner.java:364)
at org.testng.SuiteRunnerWorker.runSuite(SuiteRunnerWorker.java:52)
at org.testng.SuiteRunnerWorker.run(SuiteRunnerWorker.java:84)
at org.testng.TestNG.runSuitesSequentially(TestNG.java:1208)
at org.testng.TestNG.runSuitesLocally(TestNG.java:1137)
at org.testng.TestNG.runSuites(TestNG.java:1049)
at org.testng.TestNG.run(TestNG.java:1017)
at org.testng.TestNG.privateMain(TestNG.java:1354)
at org.testng.TestNG.main(TestNG.java:1323)
Caused by: org.openqa.selenium.firefox.NotConnectedException: Unable to connect to host 127.0.0.1 on port 7055 after 45000 ms. Firefox console output:
InstallState changed: false, state: {}
Unable to read VR Path Registry from C:\Users\KimKaka\AppData\Local\openvr\openvrpaths.vrpath
[Child 10980] WARNING: pipe error: 109: file z:/build/build/src/ipc/chromium/src/chrome/common/ipc_channel_win.cc, line 346
1543453965565addons.productaddonsINFOsending request to: https://aus5.mozilla.org/update/3/GMP/56.0/20170926190823/WINNT_x86_64-msvc-x64/en-US/release/Windows_NT%206.1.1.0%20(x64)/default/default/update.xml
1543453966376addons.productaddonsINFOCompleted downloading document
1543453966669addons.productaddonsINFOdownloadXHR File download. status=200
1543453966678addons.productaddonsINFODownloaded file will be saved to C:\Users\KimKaka\AppData\Local\Temp\tmpaddon-125197
1543453967738addons.xpiDEBUGCalling bootstrap method shutdown on webcompat@mozilla.org version 1.1
1543453967739addons.xpiDEBUGCalling bootstrap method shutdown on shield-recipe-client@mozilla.org version 65
1543453967739addons.xpiDEBUGCalling bootstrap method shutdown on screenshots@mozilla.org version 10.12.0
1543453967744addons.xpiDEBUGCalling bootstrap method shutdown on onboarding@mozilla.org version 0.1
1543453967744addons.xpiDEBUGCalling bootstrap method shutdown on formautofill@mozilla.org version 1.0
1543453967744addons.xpiDEBUGCalling bootstrap method shutdown on followonsearch@mozilla.com version 0.9.3
1543453967744addons.xpiDEBUGCalling bootstrap method shutdown on firefox@getpocket.com version 1.0.5
1543453967745addons.xpiDEBUGCalling bootstrap method shutdown on e10srollout@mozilla.org version 3.00
1543453967745addons.xpiDEBUGCalling bootstrap method shutdown on clicktoplay-rollout@mozilla.org version 1.4
1543453967745addons.xpiDEBUGCalling bootstrap method shutdown on aushelper@mozilla.org version 2.0
1543453967745addons.xpiDEBUGCalling bootstrap method shutdown on activity-stream@mozilla.org version 0.0.0
1543453967774addons.productaddonsINFOdownloadXHR File download. status=200
[Parent 8084] WARNING: pipe error: 109: file z:/build/build/src/ipc/chromium/src/chrome/common/ipc_channel_win.cc, line 346
Unable to read VR Path Registry from C:\Users\KimKaka\AppData\Local\openvr\openvrpaths.vrpath
[Child 11008] WARNING: pipe error: 109: file z:/build/build/src/ipc/chromium/src/chrome/common/ipc_channel_win.cc, line 346
[Child 11008] WARNING: pipe error: 109: file z:/build/build/src/ipc/chromium/src/chrome/common/ipc_channel_win.cc, line 346
1543453967787addons.productaddonsINFODownloaded file will be saved to C:\Users\KimKaka\AppData\Local\Temp\tmpaddon-8d5daf
Unable to read VR Path Registry from C:\Users\KimKaka\AppData\Local\openvr\openvrpaths.vrpath
[Child 6524] WARNING: pipe error: 109: file z:/build/build/src/ipc/chromium/src/chrome/common/ipc_channel_win.cc, line 346
1543453967880addons.managerDEBUGshutdown
1543453967880addons.managerDEBUGCalling shutdown blocker for XPIProvider
1543453967880addons.xpiDEBUGshutdown
1543453967880addons.xpi-utilsDEBUGshutdown
1543453967880addons.managerDEBUGCalling shutdown blocker for LightweightThemeManager
1543453967880addons.managerDEBUGCalling shutdown blocker for GMPProvider
1543453967881addons.managerDEBUGCalling shutdown blocker for PluginProvider
1543453967881addons.managerDEBUGCalling shutdown blocker for PreviousExperimentProvider
1543453967881addons.managerDEBUGCalling shutdown blocker for <unnamed-provider>
1543453967881DeferredSave.webext.sc.lz4DEBUGFlush called while data is dirty
1543453967884DeferredSave.webext.sc.lz4DEBUGStarting write
1543453967885addons.managerDEBUGAsync provider shutdown done
1543453967903DeferredSave.webext.sc.lz4DEBUGWrite succeeded
*** UTM:SVC TimerManager:registerTimer called after profile-before-change notification. Ignoring timer registration for id: telemetry_modules_ping
Unable to read VR Path Registry from C:\Users\KimKaka\AppData\Local\openvr\openvrpaths.vrpath
[GPU 12080] WARNING: pipe error: 109: file z:/build/build/src/ipc/chromium/src/chrome/common/ipc_channel_win.cc, line 346

at org.openqa.selenium.firefox.internal.NewProfileExtensionConnection.start(NewProfileExtensionConnection.java:112)
... 31 more
]]>
    </error>
  </testcase> <!-- run -->
</testsuite> <!-- com.test.DemoA -->
