<?xml version="1.0" encoding="UTF-8"?>
<!-- Generated by org.testng.reporters.JUnitReportReporter -->
<testsuite hostname="HpT-PC" failures="0" tests="1" name="com.test.CMcheckout" time="10.976" errors="0" timestamp="04 Dec 2018 04:19:16 GMT" skipped="0">
  <testcase classname="com.test.CMcheckout" name="f" time="10.976"/>
</testsuite> <!-- com.test.CMcheckout -->
